[2024-04-01T14:20:45.811+0000] {processor.py:161} INFO - Started process (PID=9826) to work on /opt/airflow/dags/get_data_DAG.py
[2024-04-01T14:20:45.812+0000] {processor.py:830} INFO - Processing file /opt/airflow/dags/get_data_DAG.py for tasks to queue
[2024-04-01T14:20:45.814+0000] {logging_mixin.py:188} INFO - [2024-04-01T14:20:45.813+0000] {dagbag.py:540} INFO - Filling up the DagBag from /opt/airflow/dags/get_data_DAG.py
[2024-04-01T14:20:45.846+0000] {processor.py:840} INFO - DAG(s) 'get_data_DAG' retrieved from /opt/airflow/dags/get_data_DAG.py
[2024-04-01T14:20:45.934+0000] {logging_mixin.py:188} INFO - [2024-04-01T14:20:45.934+0000] {override.py:1769} INFO - Created Permission View: can read on DAG:get_data_DAG
[2024-04-01T14:20:45.945+0000] {logging_mixin.py:188} INFO - [2024-04-01T14:20:45.945+0000] {override.py:1769} INFO - Created Permission View: can edit on DAG:get_data_DAG
[2024-04-01T14:20:45.954+0000] {logging_mixin.py:188} INFO - [2024-04-01T14:20:45.953+0000] {override.py:1769} INFO - Created Permission View: can delete on DAG:get_data_DAG
[2024-04-01T14:20:45.955+0000] {logging_mixin.py:188} INFO - [2024-04-01T14:20:45.954+0000] {dag.py:3047} INFO - Sync 1 DAGs
[2024-04-01T14:20:45.964+0000] {logging_mixin.py:188} INFO - [2024-04-01T14:20:45.963+0000] {dag.py:3069} INFO - Creating ORM DAG for get_data_DAG
[2024-04-01T14:20:45.974+0000] {logging_mixin.py:188} INFO - [2024-04-01T14:20:45.974+0000] {dag.py:3834} INFO - Setting next_dagrun for get_data_DAG to 2024-04-01 14:15:00+00:00, run_after=2024-04-01 14:18:00+00:00
[2024-04-01T14:20:45.995+0000] {processor.py:183} INFO - Processing /opt/airflow/dags/get_data_DAG.py took 0.188 seconds
[2024-04-01T14:21:16.680+0000] {processor.py:161} INFO - Started process (PID=9882) to work on /opt/airflow/dags/get_data_DAG.py
[2024-04-01T14:21:16.681+0000] {processor.py:830} INFO - Processing file /opt/airflow/dags/get_data_DAG.py for tasks to queue
[2024-04-01T14:21:16.683+0000] {logging_mixin.py:188} INFO - [2024-04-01T14:21:16.683+0000] {dagbag.py:540} INFO - Filling up the DagBag from /opt/airflow/dags/get_data_DAG.py
[2024-04-01T14:21:16.700+0000] {processor.py:840} INFO - DAG(s) 'get_data_DAG' retrieved from /opt/airflow/dags/get_data_DAG.py
[2024-04-01T14:21:16.716+0000] {logging_mixin.py:188} INFO - [2024-04-01T14:21:16.716+0000] {dag.py:3047} INFO - Sync 1 DAGs
[2024-04-01T14:21:16.735+0000] {logging_mixin.py:188} INFO - [2024-04-01T14:21:16.734+0000] {dag.py:3834} INFO - Setting next_dagrun for get_data_DAG to 2024-04-01 14:18:00+00:00, run_after=2024-04-01 14:21:00+00:00
[2024-04-01T14:21:16.756+0000] {processor.py:183} INFO - Processing /opt/airflow/dags/get_data_DAG.py took 0.080 seconds
[2024-04-01T14:21:47.343+0000] {processor.py:161} INFO - Started process (PID=9939) to work on /opt/airflow/dags/get_data_DAG.py
[2024-04-01T14:21:47.345+0000] {processor.py:830} INFO - Processing file /opt/airflow/dags/get_data_DAG.py for tasks to queue
[2024-04-01T14:21:47.346+0000] {logging_mixin.py:188} INFO - [2024-04-01T14:21:47.346+0000] {dagbag.py:540} INFO - Filling up the DagBag from /opt/airflow/dags/get_data_DAG.py
[2024-04-01T14:21:47.367+0000] {processor.py:840} INFO - DAG(s) 'get_data_DAG' retrieved from /opt/airflow/dags/get_data_DAG.py
[2024-04-01T14:21:47.384+0000] {logging_mixin.py:188} INFO - [2024-04-01T14:21:47.384+0000] {dag.py:3047} INFO - Sync 1 DAGs
[2024-04-01T14:21:47.403+0000] {logging_mixin.py:188} INFO - [2024-04-01T14:21:47.403+0000] {dag.py:3834} INFO - Setting next_dagrun for get_data_DAG to 2024-04-01 14:18:00+00:00, run_after=2024-04-01 14:21:00+00:00
[2024-04-01T14:21:47.425+0000] {processor.py:183} INFO - Processing /opt/airflow/dags/get_data_DAG.py took 0.086 seconds
[2024-04-01T14:22:18.042+0000] {processor.py:161} INFO - Started process (PID=9995) to work on /opt/airflow/dags/get_data_DAG.py
[2024-04-01T14:22:18.043+0000] {processor.py:830} INFO - Processing file /opt/airflow/dags/get_data_DAG.py for tasks to queue
[2024-04-01T14:22:18.045+0000] {logging_mixin.py:188} INFO - [2024-04-01T14:22:18.045+0000] {dagbag.py:540} INFO - Filling up the DagBag from /opt/airflow/dags/get_data_DAG.py
[2024-04-01T14:22:18.059+0000] {processor.py:840} INFO - DAG(s) 'get_data_DAG' retrieved from /opt/airflow/dags/get_data_DAG.py
[2024-04-01T14:22:18.075+0000] {logging_mixin.py:188} INFO - [2024-04-01T14:22:18.074+0000] {dag.py:3047} INFO - Sync 1 DAGs
[2024-04-01T14:22:18.093+0000] {logging_mixin.py:188} INFO - [2024-04-01T14:22:18.093+0000] {dag.py:3834} INFO - Setting next_dagrun for get_data_DAG to 2024-04-01 14:18:00+00:00, run_after=2024-04-01 14:21:00+00:00
[2024-04-01T14:22:18.114+0000] {processor.py:183} INFO - Processing /opt/airflow/dags/get_data_DAG.py took 0.074 seconds
[2024-04-01T14:22:48.777+0000] {processor.py:161} INFO - Started process (PID=10051) to work on /opt/airflow/dags/get_data_DAG.py
[2024-04-01T14:22:48.779+0000] {processor.py:830} INFO - Processing file /opt/airflow/dags/get_data_DAG.py for tasks to queue
[2024-04-01T14:22:48.780+0000] {logging_mixin.py:188} INFO - [2024-04-01T14:22:48.780+0000] {dagbag.py:540} INFO - Filling up the DagBag from /opt/airflow/dags/get_data_DAG.py
[2024-04-01T14:22:48.797+0000] {processor.py:840} INFO - DAG(s) 'get_data_DAG' retrieved from /opt/airflow/dags/get_data_DAG.py
[2024-04-01T14:22:48.814+0000] {logging_mixin.py:188} INFO - [2024-04-01T14:22:48.814+0000] {dag.py:3047} INFO - Sync 1 DAGs
[2024-04-01T14:22:48.832+0000] {logging_mixin.py:188} INFO - [2024-04-01T14:22:48.832+0000] {dag.py:3834} INFO - Setting next_dagrun for get_data_DAG to 2024-04-01 14:18:00+00:00, run_after=2024-04-01 14:21:00+00:00
[2024-04-01T14:22:48.853+0000] {processor.py:183} INFO - Processing /opt/airflow/dags/get_data_DAG.py took 0.078 seconds
